MCC is started and listens on 5000
NEW robot: type=0 color=0
got activate 0 
#0 activated
#0 Send data 0:	(0, 60, 90.000000)
#0 Send data 0:	(0, 60, 90.000000)
#0 Send data 0:	(0, 60, 90.000000)
#0 Send data 0:	(0, 60, 90.000000)
#0 Send data 0:	(0, 60, 90.000000)
#0 Send data 0:	(0, 60, 90.000000)
#0 Send data 0:	(0, 60, 90.000000)
#0 Send data 0:	(0, 60, 90.000000)
#0 Send data 0:	(0, 60, 90.000000)
#0 Send data 0:	(0, 60, 90.000000)
#0 Send data 0:	(0, 60, 90.000000)
#0 Send data 0:	(0, 60, 90.000000)
#0 Send data 0:	(0, 60, 90.000000)
#0 Send data 0:	(0, 60, 90.000000)
#0 Send data 0:	(0, 60, 90.000000)
#0 Send data 0:	(0, 60, 90.000000)
#0 Send data 0:	(0, 60, 90.000000)
#0 Send data 0:	(0, 60, 90.000000)
#0 Send data 0:	(0, 60, 90.000000)
#0 Send data 0:	(0, 60, 90.000000)
#0 Send data 0:	(0, 60, 90.000000)
NEW robot: type=1 color=0
got activate 1 
#1 activated
state: 1
#0 Send data 0:	(0, 60, 90.000000)
#0 Send data 0:	(0, 60, 90.000000)
#0 Send data 0:	(0, 60, 90.000000)
#0 Send data 0:	(0, 60, 90.000000)
#0 Send data 0:	(0, 60, 90.000000)
#0 Send data 0:	(0, 64, 90.000000)
#0 Send data 0:	(0, 72, 90.000000)
#0 Send data 0:	(0, 79, 90.000000)
#0 Send data 0:	(0, 87, 90.000000)
#0 Send data 0:	(0, 94, 90.000000)
#0 Send data 0:	(0, 101, 90.000000)
#0 Send data 0:	(0, 109, 90.000000)
#0 Send data 0:	(0, 116, 90.000000)
#0 Send data 0:	(0, 124, 90.000000)
#0 Send data 0:	(0, 131, 90.000000)
#0 Send data 0:	(0, 138, 90.000000)
#0 Send data 0:	(0, 146, 90.000000)
#0 Send data 0:	(0, 153, 90.000000)
#0 Send data 0:	(0, 160, 90.000000)
#0 Send data 0:	(0, 167, 90.000000)
#0 Send data 0:	(0, 175, 90.000000)
#0 Send data 0:	(0, 182, 90.000000)
#0 Send data 0:	(0, 190, 90.000000)
#0 Send data 0:	(0, 197, 90.000000)
#0 Send data 0:	(0, 204, 90.000000)
#0 Send data 0:	(0, 212, 90.000000)
#0 Send data 0:	(0, 219, 90.000000)
#0 Send data 0:	(0, 227, 90.000000)
#0 Send data 0:	(0, 234, 90.000000)
#0 Send data 0:	(0, 241, 90.000000)
#0 Send data 0:	(0, 249, 90.000000)
#0 Send data 3:	(0, 249, 90.000000)
#0 Send data 0:	(0, 249, 90.000000)
#0 Send data 0:	(0, 249, 90.000000)
#0 Send data 0:	(0, 234, 90.000000)
#0 Send data 0:	(0, 230, 90.000000)
#0 Send data 0:	(0, 223, 90.000000)
#0 Send data 0:	(0, 219, 90.000000)
#0 Send data 0:	(0, 234, 90.000000)
#0 Send data 0:	(0, 234, 90.000000)
#0 Send data 0:	(0, 234, 90.000000)
#0 Send data 0:	(0, 234, 130.000000)
#0 Send data 0:	(0, 234, 130.000000)
#0 Send data 0:	(-2, 237, 130.000000)
#0 Send data 0:	(0, 234, 130.000000)
#0 Send data 0:	(0, 234, 130.000000)
#0 Send data 0:	(0, 234, 130.000000)
#0 Send data 0:	(0, 234, 130.000000)
#0 Send data 0:	(0, 235, 130.000000)
#0 Send data 0:	(-5, 240, 130.000000)
#0 Send data 0:	(-10, 246, 130.000000)
#0 Send data 2:	(-13, 250, 130.000000)
#0 Send data 0:	(-13, 250, 130.000000)
#0 Send data 0:	(-13, 250, 130.000000)
#0 Send data 0:	(-13, 250, 130.000000)
#0 Send data 0:	(-4, 239, 130.000000)
#0 Send data 0:	(-3, 239, 130.000000)
#0 Send data 0:	(0, 234, 130.000000)
#0 Send data 0:	(4, 228, 130.000000)
#0 Send data 0:	(5, 227, 130.000000)
#0 Send data 0:	(-3, 238, 130.000000)
#0 Send data 0:	(-3, 238, 130.000000)
state: 2
send NXT #0 to (-60, 80)
Error occurred [Failure instance: Traceback (failure with no frames): <type 'exceptions.Exception'>: 'NXT not found. NXT#0'
]
Connection Lost to robo 0 
