MCC is started and listens on 5000
NEW robot: type=0 color=0
NEW robot: type=0 color=1
NEW robot: type=0 color=2
got activate 0 
#0 activated
got activate 1 
#1 activated
got activate 2 
#2 activated
2
add
exec
state: 1
#0 Send data 0:	(0, 0, 90.000000)
#1 Send data 0:	(0, 0, 90.000000)
#0 Send data 0:	(0, 0, 90.000000)
#1 Send data 0:	(0, 0, 90.000000)
#2 Send data 0:	(0, 0, 90.000000)
#0 Send data 0:	(0, 0, 90.000000)
#1 Send data 0:	(0, 0, 90.000000)
#2 Send data 0:	(0, 0, 90.000000)
#0 Send data 0:	(0, 0, 90.000000)
#1 Send data 0:	(0, 0, 90.000000)
#2 Send data 0:	(0, 0, 90.000000)
#0 Send data 0:	(0, 0, 90.000000)
#1 Send data 0:	(0, 0, 90.000000)
#2 Send data 0:	(0, 0, 90.000000)
#0 Send data 0:	(0, 0, 90.000000)
#1 Send data 0:	(0, 0, 90.000000)
#2 Send data 0:	(0, 0, 90.000000)
#0 Send data 0:	(0, 0, 90.000000)
#1 Send data 0:	(0, 0, 90.000000)
#2 Send data 0:	(0, 0, 90.000000)
#0 Send data 0:	(0, 0, 90.000000)
#1 Send data 0:	(0, 0, 90.000000)
#2 Send data 0:	(0, 0, 90.000000)
#0 Send data 0:	(0, 0, 90.000000)
#1 Send data 0:	(0, 0, 90.000000)
#2 Send data 0:	(0, 0, 90.000000)
#0 Send data 0:	(0, 0, 90.000000)
#1 Send data 0:	(0, 0, 90.000000)
#2 Send data 0:	(0, 0, 90.000000)
#0 Send data 0:	(0, 0, 90.000000)
#1 Send data 0:	(0, 0, 90.000000)
#2 Send data 0:	(0, 0, 90.000000)
#0 Send data 0:	(0, 0, 90.000000)
#1 Send data 0:	(0, 0, 90.000000)
#2 Send data 0:	(0, 0, 90.000000)
#0 Send data 0:	(0, 0, 90.000000)
#1 Send data 0:	(0, 0, 90.000000)
#2 Send data 0:	(0, 0, 90.000000)
#0 Send data 0:	(0, 0, 90.000000)
#1 Send data 0:	(0, 0, 90.000000)
#2 Send data 0:	(0, 0, 90.000000)
#0 Send data 0:	(0, 0, 90.000000)
#1 Send data 0:	(0, 0, 90.000000)
#2 Send data 0:	(0, 0, 90.000000)
#0 Send data 0:	(0, 0, 90.000000)
#1 Send data 0:	(0, 0, 90.000000)
#2 Send data 0:	(0, 0, 90.000000)
#0 Send data 0:	(0, 0, 90.000000)
#1 Send data 0:	(0, 0, 90.000000)
#2 Send data 0:	(0, 0, 90.000000)
#0 Send data 0:	(0, 0, 90.000000)
#1 Send data 0:	(0, 0, 90.000000)
#2 Send data 0:	(0, 0, 90.000000)
#0 Send data 0:	(0, 0, 90.000000)
#1 Send data 0:	(0, 0, 90.000000)
#2 Send data 0:	(0, 0, 90.000000)
#0 Send data 0:	(0, 0, 90.000000)
#1 Send data 0:	(0, 0, 90.000000)
#2 Send data 0:	(0, 0, 90.000000)
#0 Send data 0:	(0, 0, 90.000000)
#1 Send data 0:	(0, 0, 90.000000)
#2 Send data 0:	(0, 0, 90.000000)
#0 Send data 0:	(0, 0, 90.000000)
#1 Send data 0:	(0, 0, 90.000000)
#2 Send data 0:	(0, 0, 90.000000)
#0 Send data 0:	(0, 0, 90.000000)
#1 Send data 0:	(0, 0, 90.000000)
#2 Send data 0:	(0, 0, 90.000000)
#0 Send data 0:	(0, 0, 90.000000)
#1 Send data 0:	(0, 0, 90.000000)
#2 Send data 0:	(40, 0, 90.000000)
#0 Send data 0:	(-80, 0, 90.000000)
#1 Send data 0:	(-40, 0, 90.000000)
#2 Send data 0:	(40, 0, 90.000000)
#0 Send data 0:	(-80, 0, 90.000000)
#1 Send data 0:	(-40, 0, 90.000000)
#2 Send data 0:	(40, 0, 90.000000)
#0 Send data 0:	(-80, 0, 90.000000)
#1 Send data 0:	(-40, 0, 90.000000)
#2 Send data 0:	(40, 0, 90.000000)
#0 Send data 0:	(-80, 0, 90.000000)
#1 Send data 0:	(-40, 0, 90.000000)
#2 Send data 0:	(40, 0, 90.000000)
#0 Send data 0:	(-80, 0, 90.000000)
#1 Send data 0:	(-40, 2, 90.000000)
#2 Send data 0:	(40, 2, 90.000000)
#0 Send data 0:	(-80, 2, 90.000000)
#1 Send data 0:	(-40, 10, 90.000000)
#2 Send data 0:	(40, 11, 90.000000)
#0 Send data 0:	(-80, 10, 90.000000)
#1 Send data 0:	(-40, 10, 90.000000)
#2 Send data 0:	(40, 11, 90.000000)
#0 Send data 0:	(-80, 11, 90.000000)
#1 Send data 0:	(-40, 10, 90.000000)
#2 Send data 0:	(40, 11, 90.000000)
#0 Send data 0:	(-80, 11, 90.000000)
#1 Send data 0:	(-39, 10, 0.000000)
#2 Send data 0:	(40, 11, 90.000000)
#0 Send data 0:	(-80, 11, 90.000000)
#1 Send data 0:	(-38, 10, 0.000000)
#2 Send data 0:	(40, 11, 90.000000)
#0 Send data 0:	(-80, 10, 180.000000)
#1 Send data 0:	(-31, 10, 0.000000)
#2 Send data 0:	(39, 10, 180.000000)
#0 Send data 0:	(-77, 10, 180.000000)
#1 Send data 0:	(-39, 10, 0.000000)
#2 Send data 0:	(43, 10, 180.000000)
#0 Send data 0:	(-88, 10, 180.000000)
#1 Send data 0:	(-39, 10, 0.000000)
#2 Send data 0:	(31, 10, 180.000000)
#0 Send data 0:	(-80, 10, 180.000000)
#1 Send data 0:	(-39, 10, 0.000000)
#2 Send data 0:	(40, 10, 180.000000)
#0 Send data 0:	(-80, 10, 180.000000)
#1 Send data 0:	(-39, 10, 0.000000)
#2 Send data 0:	(40, 10, 180.000000)
#0 Send data 0:	(-80, 10, 180.000000)
#1 Send data 0:	(-39, 10, 0.000000)
#2 Send data 0:	(40, 10, 180.000000)
#0 Send data 0:	(-80, 10, 180.000000)
#1 Send data 0:	(-33, 10, 0.000000)
#2 Send data 0:	(40, 10, 180.000000)
#0 Send data 0:	(-80, 10, 180.000000)
#1 Send data 0:	(-28, 10, 0.000000)
#2 Send data 0:	(38, 10, 180.000000)
#0 Send data 0:	(-80, 10, 180.000000)
#1 Send data 0:	(-28, 10, 0.000000)
#2 Send data 0:	(37, 10, 180.000000)
#0 Send data 0:	(-85, 10, 180.000000)
#1 Send data 0:	(-28, 10, 0.000000)
#2 Send data 0:	(37, 10, 180.000000)
#0 Send data 0:	(-93, 10, 180.000000)
#1 Send data 0:	(-29, 11, 90.000000)
#2 Send data 0:	(38, 10, 270.000000)
#0 Send data 0:	(-100, 10, 180.000000)
#1 Send data 0:	(-29, 11, 90.000000)
#2 Send data 0:	(38, 13, 270.000000)
#0 Send data 0:	(-101, 10, 180.000000)
#1 Send data 0:	(-29, 10, 90.000000)
#2 Send data 0:	(38, 2, 270.000000)
#0 Send data 0:	(-101, 10, 180.000000)
#1 Send data 0:	(-29, 4, 90.000000)
#2 Send data 0:	(38, 10, 270.000000)
#0 Send data 0:	(-101, 10, 180.000000)
#1 Send data 0:	(-29, 10, 90.000000)
#2 Send data 0:	(38, 10, 270.000000)
#0 Send data 0:	(-100, 10, 270.000000)
#1 Send data 0:	(-29, 10, 90.000000)
#2 Send data 0:	(38, 10, 270.000000)
#0 Send data 0:	(-100, 12, 270.000000)
#1 Send data 0:	(-29, 10, 90.000000)
#2 Send data 0:	(38, 10, 0.000000)
#0 Send data 0:	(-100, 1, 270.000000)
#1 Send data 0:	(-29, 10, 90.000000)
#2 Send data 0:	(37, 10, 0.000000)
#0 Send data 0:	(-100, 10, 270.000000)
#1 Send data 0:	(-29, 10, 90.000000)
#2 Send data 0:	(47, 10, 0.000000)
#0 Send data 0:	(-100, 10, 270.000000)
#1 Send data 0:	(-29, 13, 90.000000)
#2 Send data 0:	(38, 10, 0.000000)
#0 Send data 0:	(-100, 10, 270.000000)
#1 Send data 0:	(-29, 20, 90.000000)
#2 Send data 0:	(38, 10, 0.000000)
#0 Send data 0:	(-100, 10, 0.000000)
#1 Send data 0:	(-29, 21, 180.000000)
#2 Send data 0:	(38, 10, 0.000000)
#0 Send data 0:	(-100, 10, 0.000000)
#1 Send data 0:	(-24, 21, 180.000000)
#2 Send data 0:	(38, 10, 0.000000)
#0 Send data 0:	(-100, 10, 0.000000)
#1 Send data 0:	(-37, 21, 180.000000)
#2 Send data 0:	(39, 10, 0.000000)
#0 Send data 0:	(-106, 10, 0.000000)
#1 Send data 0:	(-29, 21, 180.000000)
#2 Send data 0:	(48, 10, 0.000000)
#0 Send data 0:	(-100, 10, 0.000000)
#1 Send data 0:	(-29, 21, 180.000000)
#2 Send data 0:	(57, 10, 0.000000)
#0 Send data 0:	(-100, 10, 0.000000)
#1 Send data 0:	(-29, 21, 180.000000)
#2 Send data 0:	(66, 10, 0.000000)
#0 Send data 0:	(-100, 10, 0.000000)
#1 Send data 0:	(-29, 21, 180.000000)
#2 Send data 0:	(69, 10, 0.000000)
#0 Send data 0:	(-100, 10, 0.000000)
#1 Send data 0:	(-29, 21, 180.000000)
#2 Send data 0:	(69, 10, 0.000000)
#0 Send data 0:	(-100, 10, 0.000000)
#1 Send data 0:	(-29, 21, 180.000000)
#2 Send data 0:	(69, 10, 0.000000)
#0 Send data 0:	(-100, 10, 0.000000)
#1 Send data 0:	(-34, 21, 180.000000)
#2 Send data 0:	(69, 11, 90.000000)
#0 Send data 0:	(-94, 10, 0.000000)
#1 Send data 0:	(-41, 21, 180.000000)
#2 Send data 0:	(69, 10, 90.000000)
#0 Send data 0:	(-87, 10, 0.000000)
#1 Send data 0:	(-48, 21, 180.000000)
#2 Send data 0:	(69, 3, 90.000000)
#0 Send data 0:	(-79, 10, 0.000000)
#0 Send data 4:	(-78, 10, 0.000000)
#1 Send data 4:	(-56, 21, 180.000000)
#1 Send data 0:	(-56, 21, 180.000000)
#2 Send data 0:	(69, 10, 90.000000)
#0 Send data 0:	(-78, 10, 0.000000)
#1 Send data 0:	(-56, 21, 180.000000)
#2 Send data 0:	(69, 10, 90.000000)
#0 Send data 0:	(-78, 10, 0.000000)
#1 Send data 0:	(-56, 21, 180.000000)
#2 Send data 0:	(69, 10, 90.000000)
#0 Send data 0:	(-78, 10, 0.000000)
#1 Send data 0:	(-56, 21, 180.000000)
#2 Send data 0:	(69, 10, 90.000000)
#0 Send data 0:	(-78, 10, 90.000000)
#1 Send data 0:	(-56, 21, 90.000000)
#2 Send data 0:	(69, 10, 90.000000)
#0 Send data 0:	(-78, 8, 90.000000)
#1 Send data 0:	(-56, 23, 90.000000)
#2 Send data 0:	(69, 17, 90.000000)
#0 Send data 0:	(-78, 2, 90.000000)
#1 Send data 0:	(-56, 29, 90.000000)
#2 Send data 0:	(69, 25, 90.000000)
#0 Send data 0:	(-78, 10, 90.000000)
#1 Send data 0:	(-56, 21, 90.000000)
#2 Send data 0:	(69, 34, 90.000000)
#0 Send data 0:	(-78, 10, 90.000000)
#1 Send data 0:	(-56, 21, 90.000000)
#2 Send data 0:	(69, 43, 90.000000)
#0 Send data 0:	(-78, 10, 90.000000)
#1 Send data 0:	(-56, 21, 90.000000)
#2 Send data 0:	(69, 51, 90.000000)
#0 Send data 0:	(-78, 10, 90.000000)
#1 Send data 0:	(-56, 21, 90.000000)
#2 Send data 0:	(69, 52, 90.000000)
#0 Send data 0:	(-78, 10, 90.000000)
#1 Send data 0:	(-56, 21, 90.000000)
#2 Send data 0:	(69, 52, 90.000000)
#0 Send data 0:	(-78, 15, 90.000000)
#0 Send data 2:	(-78, 16, 90.000000)
#1 Send data 0:	(-56, 21, 90.000000)
#2 Send data 0:	(69, 52, 90.000000)
#0 Send data 0:	(-78, 17, 90.000000)
#1 Send data 0:	(-56, 26, 90.000000)
#2 Send data 0:	(69, 52, 90.000000)
#0 Send data 0:	(-78, 17, 90.000000)
#1 Send data 0:	(-55, 31, 0.000000)
#2 Send data 0:	(68, 51, 180.000000)
#0 Send data 0:	(-79, 16, 180.000000)
#1 Send data 0:	(-55, 31, 0.000000)
#2 Send data 0:	(72, 51, 180.000000)
#0 Send data 0:	(-77, 16, 180.000000)
#1 Send data 0:	(-50, 31, 0.000000)
#2 Send data 0:	(60, 51, 180.000000)
#0 Send data 0:	(-87, 16, 180.000000)
#1 Send data 0:	(-56, 31, 0.000000)
#2 Send data 0:	(69, 51, 180.000000)
#0 Send data 0:	(-78, 16, 180.000000)
#1 Send data 0:	(-56, 31, 0.000000)
#2 Send data 0:	(69, 51, 180.000000)
#0 Send data 0:	(-78, 16, 180.000000)
#1 Send data 0:	(-56, 31, 0.000000)
#2 Send data 0:	(69, 51, 180.000000)
#0 Send data 0:	(-78, 16, 180.000000)
#1 Send data 0:	(-56, 31, 0.000000)
#2 Send data 0:	(69, 51, 180.000000)
#0 Send data 0:	(-78, 16, 270.000000)
#1 Send data 0:	(-56, 31, 0.000000)
#2 Send data 0:	(67, 51, 180.000000)
#0 Send data 0:	(-78, 16, 270.000000)
#1 Send data 0:	(-52, 31, 0.000000)
#2 Send data 0:	(58, 51, 180.000000)
#0 Send data 0:	(-78, 20, 270.000000)
#1 Send data 0:	(-45, 31, 0.000000)
#2 Send data 0:	(49, 51, 180.000000)
#0 Send data 0:	(-78, 16, 270.000000)
#1 Send data 0:	(-38, 31, 0.000000)
#2 Send data 0:	(40, 51, 180.000000)
#0 Send data 0:	(-78, 16, 270.000000)
#1 Send data 0:	(-31, 31, 0.000000)
#2 Send data 0:	(32, 51, 180.000000)
#0 Send data 0:	(-78, 16, 270.000000)
#1 Send data 0:	(-24, 31, 0.000000)
#2 Send data 0:	(23, 51, 180.000000)
#0 Send data 0:	(-78, 16, 270.000000)
#1 Send data 0:	(-16, 31, 0.000000)
#2 Send data 0:	(17, 51, 180.000000)
#0 Send data 0:	(-78, 16, 0.000000)
#1 Send data 0:	(-9, 31, 0.000000)
#2 Send data 0:	(17, 51, 180.000000)
#0 Send data 0:	(-82, 16, 0.000000)
#1 Send data 0:	(-2, 31, 0.000000)
#1 Send data 4:	(1, 31, 0.000000)
#2 Send data 0:	(17, 51, 180.000000)
#0 Send data 0:	(-70, 16, 0.000000)
#1 Send data 0:	(1, 32, 90.000000)
#2 Send data 0:	(17, 51, 180.000000)
#0 Send data 0:	(-78, 16, 0.000000)
#1 Send data 0:	(1, 30, 90.000000)
#2 Send data 0:	(18, 50, 270.000000)
#0 Send data 0:	(-78, 16, 0.000000)
#1 Send data 0:	(1, 25, 90.000000)
#2 Send data 0:	(18, 51, 270.000000)
#0 Send data 0:	(-78, 16, 0.000000)
#1 Send data 0:	(1, 21, 90.000000)
#2 Send data 0:	(18, 56, 270.000000)
#0 Send data 0:	(-78, 16, 0.000000)
#1 Send data 0:	(1, 31, 90.000000)
#2 Send data 0:	(18, 51, 270.000000)
#0 Send data 0:	(-78, 16, 0.000000)
#1 Send data 0:	(1, 31, 90.000000)
#2 Send data 0:	(18, 51, 270.000000)
#0 Send data 0:	(-70, 16, 0.000000)
#1 Send data 0:	(1, 31, 90.000000)
#2 Send data 0:	(18, 51, 270.000000)
#0 Send data 0:	(-63, 16, 0.000000)
#1 Send data 0:	(1, 31, 90.000000)
#2 Send data 0:	(18, 51, 0.000000)
#0 Send data 0:	(-56, 16, 0.000000)
#1 Send data 0:	(1, 31, 90.000000)
#2 Send data 0:	(18, 51, 0.000000)
#0 Send data 0:	(-48, 16, 0.000000)
#1 Send data 0:	(1, 31, 90.000000)
#1 Send data 4:	(1, 31, 90.000000)
#2 Send data 0:	(15, 51, 0.000000)
#0 Send data 0:	(-41, 16, 0.000000)
#1 Send data 0:	(1, 31, 90.000000)
#2 Send data 0:	(27, 51, 0.000000)
#0 Send data 2:	(-33, 16, 0.000000)
#0 Send data 0:	(-33, 16, 0.000000)
#1 Send data 0:	(1, 31, 90.000000)
#2 Send data 0:	(18, 51, 0.000000)
#0 Send data 0:	(-32, 16, 0.000000)
#1 Send data 0:	(1, 31, 180.000000)
#2 Send data 0:	(18, 51, 0.000000)
#0 Send data 0:	(-32, 16, 0.000000)
#1 Send data 0:	(1, 31, 180.000000)
#2 Send data 0:	(18, 51, 0.000000)
#0 Send data 0:	(-32, 16, 0.000000)
#1 Send data 0:	(1, 31, 180.000000)
#2 Send data 0:	(18, 51, 90.000000)
#0 Send data 0:	(-33, 17, 90.000000)
#1 Send data 0:	(4, 31, 180.000000)
#2 Send data 0:	(18, 50, 90.000000)
#0 Send data 0:	(-33, 14, 90.000000)
#1 Send data 0:	(7, 31, 180.000000)
#2 Send data 0:	(18, 46, 90.000000)
Connection Lost to robo 0 
Connection Lost to robo 1 
Connection Lost to robo 2 
state: 2
send NXT #0 to (-80, 10)
send NXT #1 to (-40, 10)
send NXT #2 to (40, 10)
