MCC is started and listens on 5000
NEW robot: type=0 color=0
got activate 0 
#0 activated
#0 Send data 0:	(0, 120, 90.000000)
#0 Send data 0:	(0, 120, 90.000000)
#0 Send data 0:	(0, 120, 90.000000)
#0 Send data 0:	(0, 120, 90.000000)
#0 Send data 0:	(0, 120, 90.000000)
#0 Send data 0:	(0, 120, 90.000000)
#0 Send data 0:	(0, 120, 90.000000)
#0 Send data 0:	(0, 120, 90.000000)
#0 Send data 0:	(0, 120, 90.000000)
#0 Send data 0:	(0, 120, 90.000000)
#0 Send data 0:	(0, 120, 90.000000)
#0 Send data 0:	(0, 120, 90.000000)
#0 Send data 0:	(0, 120, 90.000000)
#0 Send data 0:	(0, 120, 90.000000)
#0 Send data 0:	(0, 120, 90.000000)
#0 Send data 0:	(0, 120, 90.000000)
#0 Send data 0:	(0, 120, 90.000000)
#0 Send data 0:	(0, 120, 90.000000)
#0 Send data 0:	(0, 120, 90.000000)
NEW robot: type=1 color=0
got activate 1 
#1 activated
state: 1
#0 Send data 0:	(0, 120, 90.000000)
#0 Send data 0:	(0, 120, 90.000000)
#0 Send data 0:	(0, 120, 90.000000)
#0 Send data 0:	(0, 120, 90.000000)
#0 Send data 0:	(0, 124, 90.000000)
#0 Send data 0:	(0, 132, 90.000000)
#0 Send data 0:	(0, 140, 90.000000)
#0 Send data 0:	(0, 147, 90.000000)
#0 Send data 0:	(0, 155, 90.000000)
#0 Send data 0:	(0, 163, 90.000000)
#0 Send data 0:	(0, 170, 90.000000)
#0 Send data 0:	(0, 178, 90.000000)
#0 Send data 0:	(0, 186, 90.000000)
#0 Send data 0:	(0, 193, 90.000000)
#0 Send data 0:	(0, 201, 90.000000)
#0 Send data 0:	(0, 209, 90.000000)
#0 Send data 0:	(0, 216, 90.000000)
#0 Send data 0:	(0, 224, 90.000000)
#0 Send data 0:	(0, 232, 90.000000)
#0 Send data 0:	(0, 239, 90.000000)
#0 Send data 0:	(0, 247, 90.000000)
#0 Send data 0:	(0, 255, 90.000000)
#0 Send data 3:	(0, 257, 90.000000)
#0 Send data 0:	(0, 257, 90.000000)
#0 Send data 0:	(0, 242, 90.000000)
#0 Send data 0:	(0, 240, 90.000000)
#0 Send data 0:	(0, 232, 90.000000)
#0 Send data 0:	(0, 227, 90.000000)
#0 Send data 0:	(0, 227, 90.000000)
#0 Send data 0:	(0, 242, 90.000000)
#0 Send data 0:	(0, 242, 90.000000)
#0 Send data 0:	(0, 242, 90.000000)
#0 Send data 0:	(0, 242, 141.000000)
#0 Send data 0:	(2, 240, 141.000000)
#0 Send data 0:	(0, 242, 141.000000)
#0 Send data 0:	(0, 242, 141.000000)
#0 Send data 0:	(0, 242, 141.000000)
#0 Send data 0:	(0, 242, 141.000000)
#0 Send data 0:	(0, 242, 141.000000)
#0 Send data 0:	(-4, 245, 141.000000)
#0 Send data 0:	(-10, 250, 141.000000)
state: 2
send NXT #0 to (-60, 80)
#0 Send data 0:	(-16, 255, 141.000000)
#0 Send data 0:	(-21, 259, 141.000000)
#0 Send data 2:	(-26, 263, 141.000000)
#0 Send data 0:	(-26, 264, 141.000000)
#0 Send data 0:	(-26, 264, 141.000000)
#0 Send data 0:	(-15, 254, 141.000000)
#0 Send data 0:	(-15, 254, 141.000000)
#0 Send data 0:	(-9, 250, 141.000000)
#0 Send data 0:	(-4, 245, 141.000000)
#0 Send data 0:	(-2, 244, 141.000000)
#0 Send data 0:	(-14, 254, 141.000000)
#0 Send data 0:	(-14, 254, 126.000000)
#0 Send data 0:	(-14, 254, 126.000000)
#0 Send data 0:	(-15, 255, 126.000000)
#0 Send data 0:	(-14, 254, 126.000000)
#0 Send data 0:	(-14, 254, 126.000000)
#0 Send data 0:	(-17, 257, 126.000000)
#0 Send data 0:	(-21, 263, 126.000000)
#0 Send data 2:	(-22, 264, 126.000000)
#0 Arrived at 	(-22, 264)
#0 Send data 0:	(-22, 264, 126.000000)
#0 Send data 0:	(-22, 264, 126.000000)
#0 Send data 0:	(-22, 264, 126.000000)
#0 Send data 0:	(-22, 264, 126.000000)
#0 Send data 0:	(-22, 264, 126.000000)
#0 Send data 0:	(-22, 264, 126.000000)
#0 Send data 0:	(-22, 264, 126.000000)
#0 Send data 0:	(-22, 264, 126.000000)
#0 Send data 0:	(-22, 264, 126.000000)
#0 Send data 0:	(-22, 264, 126.000000)
Error occurred [Failure instance: Traceback (failure with no frames): <type 'exceptions.Exception'>: release unlocked lock
]
#0 Send data 0:	(-22, 264, 126.000000)
#0 Send data 0:	(-22, 264, 126.000000)
#0 Send data 0:	(-22, 264, 126.000000)
#0 Send data 0:	(-22, 264, 126.000000)
#0 Send data 0:	(-22, 264, 126.000000)
#0 Send data 0:	(-22, 264, 126.000000)
#0 Send data 0:	(-22, 264, 126.000000)
#0 Send data 0:	(-22, 264, 126.000000)
#0 Send data 0:	(-22, 264, 126.000000)
#0 Send data 0:	(-22, 264, 126.000000)
#0 Send data 0:	(-22, 264, 126.000000)
#0 Send data 0:	(-22, 264, 126.000000)
#0 Send data 0:	(-22, 264, 126.000000)
#0 Send data 0:	(-22, 264, 126.000000)
#0 Send data 0:	(-22, 264, 126.000000)
#0 Send data 0:	(-22, 264, 126.000000)
#0 Send data 0:	(-22, 264, 126.000000)
#0 Send data 0:	(-22, 264, 126.000000)
#0 Send data 0:	(-22, 264, 126.000000)
