MCC is started and listens on 5000
NEW robot: type=0 color=0
got activate 0 
#0 activated
#0 Send data 0:	(0, 60, 90.000000)
#0 Send data 0:	(0, 60, 90.000000)
#0 Send data 0:	(0, 60, 90.000000)
#0 Send data 0:	(0, 60, 90.000000)
#0 Send data 0:	(0, 60, 90.000000)
#0 Send data 0:	(0, 60, 90.000000)
#0 Send data 0:	(0, 60, 90.000000)
#0 Send data 0:	(0, 60, 90.000000)
#0 Send data 0:	(0, 60, 90.000000)
#0 Send data 0:	(0, 60, 90.000000)
#0 Send data 0:	(0, 60, 90.000000)
#0 Send data 0:	(0, 60, 90.000000)
#0 Send data 0:	(0, 60, 90.000000)
#0 Send data 0:	(0, 60, 90.000000)
#0 Send data 0:	(0, 60, 90.000000)
#0 Send data 0:	(0, 60, 90.000000)
#0 Send data 0:	(0, 60, 90.000000)
#0 Send data 0:	(0, 60, 90.000000)
#0 Send data 0:	(0, 60, 90.000000)
#0 Send data 0:	(0, 60, 90.000000)
#0 Send data 0:	(0, 60, 90.000000)
#0 Send data 0:	(0, 60, 90.000000)
#0 Send data 0:	(0, 60, 90.000000)
#0 Send data 0:	(0, 60, 90.000000)
#0 Send data 0:	(0, 60, 90.000000)
#0 Send data 0:	(0, 60, 90.000000)
#0 Send data 0:	(0, 60, 90.000000)
#0 Send data 0:	(0, 60, 90.000000)
#0 Send data 0:	(0, 60, 90.000000)
#0 Send data 0:	(0, 60, 90.000000)
NEW robot: type=1 color=0
got activate 1 
#1 activated
state: 1
#0 Send data 0:	(0, 60, 90.000000)
#0 Send data 0:	(0, 60, 90.000000)
#0 Send data 0:	(0, 60, 90.000000)
#0 Send data 0:	(0, 60, 90.000000)
#0 Send data 0:	(0, 66, 90.000000)
#0 Send data 0:	(0, 76, 90.000000)
#0 Send data 0:	(0, 86, 90.000000)
#0 Send data 0:	(0, 96, 90.000000)
#0 Send data 0:	(0, 105, 90.000000)
#0 Send data 0:	(0, 115, 90.000000)
#0 Send data 4:	(0, 121, 90.000000)
#0 Send data 0:	(0, 122, 90.000000)
#0 Send data 0:	(0, 122, 90.000000)
#0 Send data 0:	(0, 107, 90.000000)
#0 Send data 0:	(0, 105, 90.000000)
#0 Send data 0:	(0, 95, 90.000000)
#0 Send data 0:	(0, 91, 90.000000)
#0 Send data 0:	(0, 91, 90.000000)
#0 Send data 0:	(0, 106, 90.000000)
#0 Send data 0:	(0, 106, 90.000000)
#0 Send data 0:	(0, 106, 90.000000)
#0 Send data 0:	(0, 106, 359.000000)
#0 Send data 0:	(3, 106, 359.000000)
#0 Send data 0:	(7, 105, 359.000000)
#0 Send data 0:	(0, 106, 359.000000)
#0 Send data 0:	(0, 106, 359.000000)
#0 Send data 0:	(0, 106, 359.000000)
#0 Send data 0:	(0, 106, 359.000000)
#0 Send data 0:	(0, 106, 359.000000)
#0 Send data 0:	(9, 105, 359.000000)
#0 Send data 0:	(19, 105, 359.000000)
#0 Send data 0:	(29, 105, 359.000000)
#0 Send data 0:	(38, 105, 359.000000)
#0 Send data 0:	(48, 105, 359.000000)
#0 Send data 0:	(58, 105, 359.000000)
#0 Send data 0:	(68, 104, 359.000000)
#0 Send data 0:	(78, 104, 359.000000)
#0 Send data 0:	(88, 104, 359.000000)
#0 Send data 0:	(98, 104, 359.000000)
#0 Send data 0:	(108, 104, 359.000000)
#0 Send data 0:	(118, 104, 359.000000)
#0 Send data 0:	(127, 103, 359.000000)
#0 Send data 0:	(137, 103, 359.000000)
#0 Send data 0:	(147, 103, 359.000000)
#0 Send data 0:	(157, 103, 359.000000)
#0 Send data 0:	(167, 103, 359.000000)
#0 Send data 0:	(177, 103, 359.000000)
#0 Send data 0:	(187, 102, 359.000000)
#0 Send data 0:	(197, 102, 359.000000)
#0 Send data 0:	(206, 102, 359.000000)
state: 2
send NXT #0 to (-60, 80)
#0 Send data 4:	(703, 93, 359.000000)
#0 Send data 0:	(704, 93, 359.000000)
#0 Send data 0:	(704, 93, 359.000000)
#0 Send data 0:	(704, 93, 359.000000)
#0 Send data 0:	(689, 94, 359.000000)
#0 Send data 0:	(689, 94, 359.000000)
#0 Send data 0:	(680, 94, 359.000000)
#0 Send data 0:	(672, 94, 359.000000)
#0 Send data 0:	(672, 94, 359.000000)
#0 Send data 0:	(688, 94, 359.000000)
#0 Send data 0:	(688, 94, 359.000000)
#0 Send data 0:	(688, 94, 208.000000)
#0 Send data 0:	(686, 93, 208.000000)
#0 Send data 0:	(677, 88, 208.000000)
#0 Send data 0:	(676, 87, 208.000000)
#0 Send data 0:	(688, 94, 208.000000)
#0 Send data 0:	(688, 94, 208.000000)
#0 Send data 0:	(688, 94, 208.000000)
#0 Send data 0:	(688, 94, 208.000000)
#0 Send data 0:	(685, 92, 208.000000)
#0 Send data 0:	(676, 88, 208.000000)
#0 Send data 0:	(667, 83, 208.000000)
#0 Send data 0:	(659, 78, 208.000000)
#0 Send data 0:	(650, 74, 208.000000)
#0 Send data 0:	(641, 69, 208.000000)
#0 Send data 0:	(633, 64, 208.000000)
#0 Send data 0:	(624, 60, 208.000000)
#0 Send data 0:	(615, 55, 208.000000)
#0 Send data 0:	(606, 51, 208.000000)
#0 Send data 0:	(598, 46, 208.000000)
