MCC is started and listens on 5000
NEW robot: type=0 color=0
got activate 0 
#0 activated
#0 Send data 0:	(0, 60, 90.000000)
NEW robot: type=1 color=0
got activate 1 
#1 activated
state: 1
#0 Send data 0:	(0, 60, 90.000000)
#0 Send data 0:	(0, 60, 90.000000)
#0 Send data 0:	(0, 60, 90.000000)
#0 Send data 0:	(0, 60, 90.000000)
#0 Send data 0:	(0, 60, 90.000000)
#0 Send data 3:	(0, 60, 90.000000)
#0 Send data 0:	(0, 60, 90.000000)
#0 Send data 0:	(0, 60, 90.000000)
#0 Send data 0:	(0, 60, 90.000000)
#0 Send data 0:	(0, 44, 90.000000)
#0 Send data 0:	(0, 40, 90.000000)
#0 Send data 0:	(0, 30, 90.000000)
#0 Send data 0:	(0, 29, 90.000000)
#0 Send data 0:	(0, 44, 90.000000)
#0 Send data 0:	(0, 44, 90.000000)
#0 Send data 0:	(0, 44, 90.000000)
#0 Send data 0:	(0, 44, 144.000000)
#0 Send data 0:	(0, 44, 144.000000)
#0 Send data 0:	(-3, 47, 144.000000)
#0 Send data 0:	(0, 44, 144.000000)
#0 Send data 0:	(0, 44, 144.000000)
#0 Send data 0:	(0, 44, 144.000000)
#0 Send data 0:	(0, 44, 144.000000)
#0 Send data 3:	(0, 44, 144.000000)
#0 Send data 0:	(0, 44, 144.000000)
#0 Send data 0:	(0, 44, 144.000000)
#0 Send data 0:	(0, 44, 144.000000)
#0 Send data 0:	(12, 36, 144.000000)
#0 Send data 0:	(12, 36, 144.000000)
#0 Send data 0:	(19, 30, 144.000000)
#0 Send data 0:	(24, 27, 144.000000)
#0 Send data 0:	(24, 27, 144.000000)
#0 Send data 0:	(12, 36, 144.000000)
#0 Send data 0:	(12, 36, 144.000000)
#0 Send data 0:	(12, 36, 144.000000)
#0 Send data 0:	(12, 36, 68.000000)
#0 Send data 0:	(13, 39, 68.000000)
#0 Send data 0:	(14, 42, 68.000000)
#0 Send data 0:	(12, 36, 68.000000)
#0 Send data 0:	(12, 36, 68.000000)
#0 Send data 0:	(12, 36, 68.000000)
#0 Send data 0:	(12, 36, 68.000000)
#0 Send data 3:	(12, 36, 68.000000)
#0 Send data 0:	(12, 36, 68.000000)
#0 Send data 0:	(12, 36, 68.000000)
#0 Send data 0:	(12, 36, 68.000000)
#0 Send data 0:	(6, 22, 68.000000)
#0 Send data 0:	(6, 22, 68.000000)
#0 Send data 0:	(2, 13, 68.000000)
#0 Send data 0:	(0, 8, 68.000000)
#0 Send data 0:	(0, 8, 68.000000)
#0 Send data 0:	(6, 22, 68.000000)
#0 Send data 0:	(6, 22, 68.000000)
#0 Send data 0:	(6, 22, 68.000000)
#0 Send data 0:	(6, 22, 317.000000)
#0 Send data 0:	(8, 20, 317.000000)
#0 Send data 0:	(13, 15, 317.000000)
#0 Send data 0:	(6, 22, 317.000000)
#0 Send data 0:	(6, 22, 317.000000)
#0 Send data 0:	(6, 22, 317.000000)
#0 Send data 0:	(6, 22, 317.000000)
#0 Send data 0:	(6, 22, 317.000000)
#0 Send data 3:	(6, 22, 317.000000)
#0 Send data 0:	(6, 22, 317.000000)
state: 2
send NXT #0 to (-60, 80)
#0 Send data 0:	(6, 22, 317.000000)
#0 Send data 0:	(-4, 32, 317.000000)
#0 Send data 0:	(-9, 36, 317.000000)
#0 Send data 0:	(-16, 43, 317.000000)
#0 Send data 0:	(-15, 42, 317.000000)
#0 Send data 0:	(-4, 32, 317.000000)
#0 Send data 0:	(-4, 32, 317.000000)
#0 Send data 0:	(-15, 42, 317.000000)
#0 Send data 0:	(-15, 42, 317.000000)
#0 Send data 0:	(-22, 49, 317.000000)
#0 Send data 0:	(-26, 53, 317.000000)
#0 Send data 0:	(-26, 53, 317.000000)
#0 Send data 0:	(-15, 42, 317.000000)
#0 Send data 0:	(-15, 42, 267.000000)
#0 Send data 0:	(-15, 45, 267.000000)
#0 Send data 0:	(-15, 48, 267.000000)
#0 Send data 0:	(-15, 42, 267.000000)
#0 Send data 0:	(-15, 42, 267.000000)
#0 Send data 3:	(-15, 42, 267.000000)
#0 Arrived at 	(-15, 42)
#0 Send data 0:	(-15, 42, 267.000000)
#0 Send data 0:	(-15, 42, 267.000000)
#0 Send data 0:	(-15, 42, 267.000000)
#0 Send data 0:	(-15, 42, 267.000000)
#0 Send data 0:	(-15, 42, 267.000000)
#0 Send data 0:	(-15, 42, 267.000000)
#0 Send data 0:	(-15, 42, 267.000000)
#0 Send data 0:	(-15, 42, 267.000000)
#0 Send data 0:	(-15, 42, 267.000000)
#0 Send data 0:	(-15, 42, 267.000000)
#0 Send data 0:	(-15, 42, 267.000000)
#0 Send data 0:	(-15, 42, 267.000000)
#0 Send data 0:	(-15, 42, 267.000000)
#0 Send data 0:	(-15, 42, 267.000000)
#0 Send data 0:	(-15, 42, 267.000000)
#0 Send data 0:	(-15, 42, 267.000000)
#0 Send data 0:	(-15, 42, 267.000000)
#0 Send data 0:	(-15, 42, 267.000000)
#0 Send data 0:	(-15, 42, 267.000000)
#0 Send data 0:	(-15, 42, 267.000000)
#0 Send data 0:	(-15, 42, 267.000000)
#0 Send data 0:	(-15, 42, 267.000000)
#0 Send data 0:	(-15, 42, 267.000000)
#0 Send data 0:	(-15, 42, 267.000000)
#0 Send data 0:	(-15, 42, 267.000000)
#0 Send data 0:	(-15, 42, 267.000000)
#0 Send data 0:	(-15, 42, 267.000000)
#0 Send data 0:	(-15, 42, 267.000000)
#0 Send data 0:	(-15, 42, 267.000000)
#0 Send data 0:	(-15, 42, 267.000000)
#0 Send data 0:	(-15, 42, 267.000000)
#0 Send data 0:	(-15, 42, 267.000000)
#0 Send data 0:	(-15, 42, 267.000000)
#0 Send data 0:	(-15, 42, 267.000000)
#0 Send data 0:	(-15, 42, 267.000000)
#0 Send data 0:	(-15, 42, 267.000000)
#0 Send data 0:	(-15, 42, 267.000000)
#0 Send data 0:	(-15, 42, 267.000000)
#0 Send data 0:	(-15, 42, 267.000000)
#0 Send data 0:	(-15, 42, 267.000000)
#0 Send data 0:	(-15, 42, 267.000000)
#0 Send data 0:	(-15, 42, 267.000000)
#0 Send data 0:	(-15, 42, 267.000000)
#0 Send data 0:	(-15, 42, 267.000000)
#0 Send data 0:	(-15, 42, 267.000000)
#0 Send data 0:	(-15, 42, 267.000000)
#0 Send data 0:	(-15, 42, 267.000000)
#0 Send data 0:	(-15, 42, 267.000000)
#0 Send data 0:	(-15, 42, 267.000000)
#0 Send data 0:	(-15, 42, 267.000000)
#0 Send data 0:	(-15, 42, 267.000000)
#0 Send data 0:	(-15, 42, 267.000000)
#0 Send data 0:	(-15, 42, 267.000000)
#0 Send data 0:	(-15, 42, 267.000000)
#0 Send data 0:	(-15, 42, 267.000000)
#0 Send data 0:	(-15, 42, 267.000000)
#0 Send data 0:	(-15, 42, 267.000000)
#0 Send data 0:	(-15, 42, 267.000000)
#0 Send data 0:	(-15, 42, 267.000000)
#0 Send data 0:	(-15, 42, 267.000000)
#0 Send data 0:	(-15, 42, 267.000000)
#0 Send data 0:	(-15, 42, 267.000000)
#0 Send data 0:	(-15, 42, 267.000000)
#0 Send data 0:	(-15, 42, 267.000000)
#0 Send data 0:	(-15, 42, 267.000000)
#0 Send data 0:	(-15, 42, 267.000000)
#0 Send data 0:	(-15, 42, 267.000000)
#0 Send data 0:	(-15, 42, 267.000000)
#0 Send data 0:	(-15, 42, 267.000000)
#0 Send data 0:	(-15, 42, 267.000000)
#0 Send data 0:	(-15, 42, 267.000000)
#0 Send data 0:	(-15, 42, 267.000000)
#0 Send data 0:	(-15, 42, 267.000000)
#0 Send data 0:	(-15, 42, 267.000000)
#0 Send data 0:	(-15, 42, 267.000000)
#0 Send data 0:	(-15, 42, 267.000000)
#0 Send data 0:	(-15, 42, 267.000000)
#0 Send data 0:	(-15, 42, 267.000000)
#0 Send data 0:	(-15, 42, 267.000000)
#0 Send data 0:	(-15, 42, 267.000000)
#0 Send data 0:	(-15, 42, 267.000000)
#0 Send data 0:	(-15, 42, 267.000000)
#0 Send data 0:	(-15, 42, 267.000000)
#0 Send data 0:	(-15, 42, 267.000000)
#0 Send data 0:	(-15, 42, 267.000000)
#0 Send data 0:	(-15, 42, 267.000000)
#0 Send data 0:	(-15, 42, 267.000000)
#0 Send data 0:	(-15, 42, 267.000000)
#0 Send data 0:	(-15, 42, 267.000000)
#0 Send data 0:	(-15, 42, 267.000000)
#0 Send data 0:	(-15, 42, 267.000000)
#0 Send data 0:	(-15, 42, 267.000000)
#0 Send data 0:	(-15, 42, 267.000000)
#0 Send data 0:	(-15, 42, 267.000000)
#0 Send data 0:	(-15, 42, 267.000000)
#0 Send data 0:	(-15, 42, 267.000000)
#0 Send data 0:	(-15, 42, 267.000000)
#0 Send data 0:	(-15, 42, 267.000000)
#0 Send data 0:	(-15, 42, 267.000000)
#0 Send data 0:	(-15, 42, 267.000000)
#0 Send data 0:	(-15, 42, 267.000000)
#0 Send data 0:	(-15, 42, 267.000000)
#0 Send data 0:	(-15, 42, 267.000000)
#0 Send data 0:	(-15, 42, 267.000000)
#0 Send data 0:	(-15, 42, 267.000000)
#0 Send data 0:	(-15, 42, 267.000000)
#0 Send data 0:	(-15, 42, 267.000000)
Connection Lost to robo 1 
#0 Send data 0:	(-15, 42, 267.000000)
#0 Send data 0:	(-15, 42, 267.000000)
#0 Send data 0:	(-15, 42, 267.000000)
#0 Send data 0:	(-15, 42, 267.000000)
#0 Send data 0:	(-15, 42, 267.000000)
#0 Send data 0:	(-15, 42, 267.000000)
